2020.10.25 14:13:09 INFO  started: Metals version 0.9.4 in workspace 'C:\Users\franc\Desktop\Mis cosas\cosas autodidactas\cosas de React\manualbienvenida' for client vscode.
2020.10.25 14:13:14 INFO  time: initialize in 5.21s
2020.10.25 14:13:27 WARN  no build tool detected in workspace 'C:\Users\franc\Desktop\Mis cosas\cosas autodidactas\cosas de React\manualbienvenida'. The most common cause for this problem is that the editor was opened in the wrong working directory, for example if you use sbt then the workspace directory should contain build.sbt. 
2020.10.25 18:49:22 INFO  shutting down Metals
2020.10.26 17:30:57 INFO  started: Metals version 0.9.4 in workspace 'C:\Users\franc\OneDrive\Documentos\GitHub\bienvenida' for client vscode.
2020.10.26 17:30:58 INFO  time: initialize in 1.32s
2020.10.26 17:31:07 WARN  no build tool detected in workspace 'C:\Users\franc\OneDrive\Documentos\GitHub\bienvenida'. The most common cause for this problem is that the editor was opened in the wrong working directory, for example if you use sbt then the workspace directory should contain build.sbt. 
2020.10.26 17:45:31 INFO  shutting down Metals
2020.10.27 10:59:26 INFO  started: Metals version 0.9.4 in workspace 'C:\Users\franc\OneDrive\Documentos\GitHub\bienvenida' for client vscode.
2020.10.27 10:59:28 INFO  time: initialize in 1.2s
2020.10.27 10:59:30 WARN  no build tool detected in workspace 'C:\Users\franc\OneDrive\Documentos\GitHub\bienvenida'. The most common cause for this problem is that the editor was opened in the wrong working directory, for example if you use sbt then the workspace directory should contain build.sbt. 
2020.10.27 11:45:11 INFO  shutting down Metals
2020.10.28 12:59:44 INFO  started: Metals version 0.9.4 in workspace 'C:\Users\franc\OneDrive\Documentos\GitHub\bienvenida' for client vscode.
2020.10.28 12:59:45 INFO  time: initialize in 1.1s
2020.10.28 12:59:48 WARN  no build tool detected in workspace 'C:\Users\franc\OneDrive\Documentos\GitHub\bienvenida'. The most common cause for this problem is that the editor was opened in the wrong working directory, for example if you use sbt then the workspace directory should contain build.sbt. 
2020.10.28 13:26:12 INFO  shutting down Metals
2020.10.29 13:35:20 INFO  started: Metals version 0.9.4 in workspace 'C:\Users\franc\OneDrive\Documentos\GitHub\bienvenida' for client vscode.
2020.10.29 13:35:23 INFO  time: initialize in 2.48s
2020.10.29 13:35:26 WARN  no build tool detected in workspace 'C:\Users\franc\OneDrive\Documentos\GitHub\bienvenida'. The most common cause for this problem is that the editor was opened in the wrong working directory, for example if you use sbt then the workspace directory should contain build.sbt. 
2020.10.29 14:32:13 INFO  shutting down Metals
2020.10.30 19:12:03 INFO  started: Metals version 0.9.4 in workspace 'C:\Users\franc\OneDrive\Documentos\GitHub\bienvenida' for client vscode.
2020.10.30 19:12:15 INFO  time: initialize in 11s
2020.10.30 19:12:30 WARN  no build tool detected in workspace 'C:\Users\franc\OneDrive\Documentos\GitHub\bienvenida'. The most common cause for this problem is that the editor was opened in the wrong working directory, for example if you use sbt then the workspace directory should contain build.sbt. 
